collect_app/build/outputs/logs/manifest-merger-debug-report.txt
-- Merging decision tree log ---
manifest
ADDED from src/main/AndroidManifest.xml:10:1-303:12
	package
		ADDED from src/main/AndroidManifest.xml:12:5-38
		INJECTED from src/main/AndroidManifest.xml
		INJECTED from src/main/AndroidManifest.xml
	android:versionName
		ADDED from src/main/AndroidManifest.xml:14:5-32
		INJECTED from src/main/AndroidManifest.xml
		INJECTED from src/main/AndroidManifest.xml
	xmlns:tools
		ADDED from src/main/AndroidManifest.xml:11:5-51
	android:versionCode
		ADDED from src/main/AndroidManifest.xml:13:5-31
		INJECTED from src/main/AndroidManifest.xml
		INJECTED from src/main/AndroidManifest.xml
	xmlns:android
		ADDED from src/main/AndroidManifest.xml:10:11-69
uses-sdk
ADDED from src/main/AndroidManifest.xml:16:5-18:41
MERGED from [com.android.support:multidex:1.0.1] AndroidManifest.xml:18:5-42
MERGED from [com.google.android.gms:play-services:4.1.32] AndroidManifest.xml:7:5-42
MERGED from [de.hdodenhof:circleimageview:2.1.0] AndroidManifest.xml:5:5-7:41
MERGED from [com.android.support:cardview-v7:25.1.0] AndroidManifest.xml:20:5-43
	android:targetSdkVersion
		ADDED from src/main/AndroidManifest.xml:18:9-38
		INJECTED from src/main/AndroidManifest.xml
		INJECTED from src/main/AndroidManifest.xml
	android:minSdkVersion
		ADDED from src/main/AndroidManifest.xml:17:9-35
		INJECTED from src/main/AndroidManifest.xml
		INJECTED from src/main/AndroidManifest.xml
uses-feature#android.hardware.location
ADDED from src/main/AndroidManifest.xml:20:5-22:36
	android:required
		ADDED from src/main/AndroidManifest.xml:22:9-33
	android:name
		ADDED from src/main/AndroidManifest.xml:21:9-49
uses-feature#android.hardware.location.network
ADDED from src/main/AndroidManifest.xml:23:5-25:36
	android:required
		ADDED from src/main/AndroidManifest.xml:25:9-33
	android:name
		ADDED from src/main/AndroidManifest.xml:24:9-57
uses-feature#android.hardware.location.gps
ADDED from src/main/AndroidManifest.xml:26:5-28:36
	android:required
		ADDED from src/main/AndroidManifest.xml:28:9-33
	android:name
		ADDED from src/main/AndroidManifest.xml:27:9-53
uses-feature#android.hardware.telephony
ADDED from src/main/AndroidManifest.xml:29:5-31:36
	android:required
		ADDED from src/main/AndroidManifest.xml:31:9-33
	android:name
		ADDED from src/main/AndroidManifest.xml:30:9-50
uses-feature#android.hardware.wifi
ADDED from src/main/AndroidManifest.xml:32:5-34:36
	android:required
		ADDED from src/main/AndroidManifest.xml:34:9-33
	android:name
		ADDED from src/main/AndroidManifest.xml:33:9-45
uses-permission-sdk-23
ADDED from src/main/AndroidManifest.xml:36:5-81
	android:name
		ADDED from src/main/AndroidManifest.xml:36:29-79
uses-permission#android.permission.READ_PHONE_STATE
ADDED from src/main/AndroidManifest.xml:47:5-75
	android:name
		ADDED from src/main/AndroidManifest.xml:47:22-72
uses-permission#android.permission.ACCESS_WIFI_STATE
ADDED from src/main/AndroidManifest.xml:48:5-76
	android:name
		ADDED from src/main/AndroidManifest.xml:48:22-73
uses-permission#android.permission.INTERNET
ADDED from src/main/AndroidManifest.xml:49:5-67
	android:name
		ADDED from src/main/AndroidManifest.xml:49:22-64
uses-permission#android.permission.ACCESS_FINE_LOCATION
ADDED from src/main/AndroidManifest.xml:50:5-79
	android:name
		ADDED from src/main/AndroidManifest.xml:50:22-76
uses-permission#android.permission.ACCESS_COARSE_LOCATION
ADDED from src/main/AndroidManifest.xml:51:5-81
	android:name
		ADDED from src/main/AndroidManifest.xml:51:22-78
uses-permission#android.permission.READ_EXTERNAL_STORAGE
ADDED from src/main/AndroidManifest.xml:52:5-80
	android:name
		ADDED from src/main/AndroidManifest.xml:52:22-77
uses-permission#android.permission.WRITE_EXTERNAL_STORAGE
ADDED from src/main/AndroidManifest.xml:53:5-81
	android:name
		ADDED from src/main/AndroidManifest.xml:53:22-78
uses-permission#android.permission.GET_ACCOUNTS
ADDED from src/main/AndroidManifest.xml:54:5-71
	android:name
		ADDED from src/main/AndroidManifest.xml:54:22-68
uses-permission#android.permission.USE_CREDENTIALS
ADDED from src/main/AndroidManifest.xml:55:5-74
	android:name
		ADDED from src/main/AndroidManifest.xml:55:22-71
uses-permission#android.permission.ACCESS_NETWORK_STATE
ADDED from src/main/AndroidManifest.xml:56:5-79
	android:name
		ADDED from src/main/AndroidManifest.xml:56:22-76
uses-feature#0x00020000
ADDED from src/main/AndroidManifest.xml:58:5-60:35
	android:glEsVersion
		ADDED from src/main/AndroidManifest.xml:59:9-41
	android:required
		ADDED from src/main/AndroidManifest.xml:60:9-32
permission#org.odk.collect.android.permission.MAPS_RECEIVE
ADDED from src/main/AndroidManifest.xml:69:5-71:47
	android:protectionLevel
		ADDED from src/main/AndroidManifest.xml:71:9-44
	android:name
		ADDED from src/main/AndroidManifest.xml:70:9-71
uses-permission#org.odk.collect.android.permission.MAPS_RECEIVE
ADDED from src/main/AndroidManifest.xml:73:5-87
	android:name
		ADDED from src/main/AndroidManifest.xml:73:22-84
uses-permission#com.google.android.providers.gsf.permission.READ_GSERVICES
ADDED from src/main/AndroidManifest.xml:74:5-98
	android:name
		ADDED from src/main/AndroidManifest.xml:74:22-95
supports-screens
ADDED from src/main/AndroidManifest.xml:76:5-82:40
	android:largeScreens
		ADDED from src/main/AndroidManifest.xml:78:9-36
	android:smallScreens
		ADDED from src/main/AndroidManifest.xml:81:9-36
	android:normalScreens
		ADDED from src/main/AndroidManifest.xml:79:9-37
	android:xlargeScreens
		ADDED from src/main/AndroidManifest.xml:82:9-37
	android:resizeable
		ADDED from src/main/AndroidManifest.xml:80:9-34
	android:anyDensity
		ADDED from src/main/AndroidManifest.xml:77:9-34
application
ADDED from src/main/AndroidManifest.xml:84:5-301:19
MERGED from [de.hdodenhof:circleimageview:2.1.0] AndroidManifest.xml:9:5-20
MERGED from [com.android.support:cardview-v7:25.1.0] AndroidManifest.xml:22:5-20
	android:label
		ADDED from src/main/AndroidManifest.xml:88:9-44
	android:supportsRtl
		ADDED from src/main/AndroidManifest.xml:90:9-35
	android:icon
		ADDED from src/main/AndroidManifest.xml:86:9-42
	android:installLocation
		ADDED from src/main/AndroidManifest.xml:87:9-39
	android:largeHeap
		ADDED from src/main/AndroidManifest.xml:89:9-33
	android:theme
		ADDED from src/main/AndroidManifest.xml:91:9-39
	android:name
		ADDED from src/main/AndroidManifest.xml:85:9-44
provider#org.odk.collect.android.provider.FormsProvider
ADDED from src/main/AndroidManifest.xml:92:9-95:39
	android:authorities
		ADDED from src/main/AndroidManifest.xml:94:13-77
	android:exported
		ADDED from src/main/AndroidManifest.xml:95:13-36
	android:name
		ADDED from src/main/AndroidManifest.xml:93:13-51
provider#org.odk.collect.android.provider.InstanceProvider
ADDED from src/main/AndroidManifest.xml:96:9-99:39
	android:authorities
		ADDED from src/main/AndroidManifest.xml:98:13-81
	android:exported
		ADDED from src/main/AndroidManifest.xml:99:13-36
	android:name
		ADDED from src/main/AndroidManifest.xml:97:13-54
activity#org.odk.collect.android.activities.MainMenuActivity
ADDED from src/main/AndroidManifest.xml:101:9-104:48
	android:label
		ADDED from src/main/AndroidManifest.xml:104:13-45
	android:configChanges
		ADDED from src/main/AndroidManifest.xml:103:13-48
	android:name
		ADDED from src/main/AndroidManifest.xml:102:13-56
activity#org.odk.collect.android.activities.FormEntryActivity
ADDED from src/main/AndroidManifest.xml:105:9-119:20
	android:label
		ADDED from src/main/AndroidManifest.xml:108:13-45
	android:windowSoftInputMode
		ADDED from src/main/AndroidManifest.xml:109:13-55
	android:configChanges
		ADDED from src/main/AndroidManifest.xml:107:13-48
	android:name
		ADDED from src/main/AndroidManifest.xml:106:13-57
intent-filter#android.intent.action.EDIT+android.intent.action.VIEW+android.intent.category.DEFAULT
ADDED from src/main/AndroidManifest.xml:110:13-118:29
action#android.intent.action.VIEW
ADDED from src/main/AndroidManifest.xml:111:17-69
	android:name
		ADDED from src/main/AndroidManifest.xml:111:25-66
action#android.intent.action.EDIT
ADDED from src/main/AndroidManifest.xml:112:17-69
	android:name
		ADDED from src/main/AndroidManifest.xml:112:25-66
category#android.intent.category.DEFAULT
ADDED from src/main/AndroidManifest.xml:114:17-76
	android:name
		ADDED from src/main/AndroidManifest.xml:114:27-73
data
ADDED from src/main/AndroidManifest.xml:116:17-81
	android:mimeType
		ADDED from src/main/AndroidManifest.xml:116:23-78
activity#org.odk.collect.android.activities.NotificationActivity
ADDED from src/main/AndroidManifest.xml:120:9-125:39
	android:label
		ADDED from src/main/AndroidManifest.xml:123:13-45
	android:excludeFromRecents
		ADDED from src/main/AndroidManifest.xml:122:13-46
	android:launchMode
		ADDED from src/main/AndroidManifest.xml:124:13-44
	android:taskAffinity
		ADDED from src/main/AndroidManifest.xml:125:13-36
	android:name
		ADDED from src/main/AndroidManifest.xml:121:13-60
activity#org.odk.collect.android.activities.DrawActivity
ADDED from src/main/AndroidManifest.xml:126:9-128:48
	android:label
		ADDED from src/main/AndroidManifest.xml:128:13-45
	android:name
		ADDED from src/main/AndroidManifest.xml:127:13-52
activity#org.odk.collect.android.activities.OpenSourceLicensesActivity
ADDED from src/main/AndroidManifest.xml:129:9-131:64
	android:label
		ADDED from src/main/AndroidManifest.xml:131:13-61
	android:name
		ADDED from src/main/AndroidManifest.xml:130:13-66
activity#org.odk.collect.android.activities.GoogleDriveActivity
ADDED from src/main/AndroidManifest.xml:132:9-135:57
	android:label
		ADDED from src/main/AndroidManifest.xml:134:13-45
	android:windowSoftInputMode
		ADDED from src/main/AndroidManifest.xml:135:13-54
	android:name
		ADDED from src/main/AndroidManifest.xml:133:13-59
activity#org.odk.collect.android.activities.InstanceChooserList
ADDED from src/main/AndroidManifest.xml:136:9-138:48
	android:label
		ADDED from src/main/AndroidManifest.xml:138:13-45
	android:name
		ADDED from src/main/AndroidManifest.xml:137:13-59
activity#org.odk.collect.android.activities.InstanceChooserTabs
ADDED from src/main/AndroidManifest.xml:149:9-151:48
	android:label
		ADDED from src/main/AndroidManifest.xml:151:13-45
	android:name
		ADDED from src/main/AndroidManifest.xml:150:13-59
activity#org.odk.collect.android.activities.FormChooserList
ADDED from src/main/AndroidManifest.xml:152:9-164:20
	android:label
		ADDED from src/main/AndroidManifest.xml:154:13-45
	android:name
		ADDED from src/main/AndroidManifest.xml:153:13-55
intent-filter#android.intent.action.EDIT+android.intent.action.PICK+android.intent.action.VIEW+android.intent.category.DEFAULT
ADDED from src/main/AndroidManifest.xml:155:13-163:29
action#android.intent.action.PICK
ADDED from src/main/AndroidManifest.xml:158:17-69
	android:name
		ADDED from src/main/AndroidManifest.xml:158:25-66
activity#org.odk.collect.android.activities.FormManagerList
ADDED from src/main/AndroidManifest.xml:165:9-167:48
	android:label
		ADDED from src/main/AndroidManifest.xml:167:13-45
	android:name
		ADDED from src/main/AndroidManifest.xml:166:13-55
activity#org.odk.collect.android.activities.FormDownloadList
ADDED from src/main/AndroidManifest.xml:168:9-170:48
	android:label
		ADDED from src/main/AndroidManifest.xml:170:13-45
	android:name
		ADDED from src/main/AndroidManifest.xml:169:13-56
activity#org.odk.collect.android.activities.DataManagerList
ADDED from src/main/AndroidManifest.xml:171:9-173:48
	android:label
		ADDED from src/main/AndroidManifest.xml:173:13-45
	android:name
		ADDED from src/main/AndroidManifest.xml:172:13-55
activity#org.odk.collect.android.activities.FileManagerTabs
ADDED from src/main/AndroidManifest.xml:174:9-176:48
	android:label
		ADDED from src/main/AndroidManifest.xml:176:13-45
	android:name
		ADDED from src/main/AndroidManifest.xml:175:13-55
activity#org.odk.collect.android.activities.GoogleSheetsUploaderActivity
ADDED from src/main/AndroidManifest.xml:177:9-179:48
	android:label
		ADDED from src/main/AndroidManifest.xml:179:13-45
	android:name
		ADDED from src/main/AndroidManifest.xml:178:13-68
activity#org.odk.collect.android.activities.InstanceUploaderList
ADDED from src/main/AndroidManifest.xml:180:9-189:20
	android:label
		ADDED from src/main/AndroidManifest.xml:182:13-45
	android:name
		ADDED from src/main/AndroidManifest.xml:181:13-60
activity#org.odk.collect.android.activities.InstanceUploaderActivity
ADDED from src/main/AndroidManifest.xml:190:9-192:48
	android:label
		ADDED from src/main/AndroidManifest.xml:192:13-45
	android:name
		ADDED from src/main/AndroidManifest.xml:191:13-64
activity#org.odk.collect.android.preferences.PreferencesActivity
ADDED from src/main/AndroidManifest.xml:193:9-195:48
	android:label
		ADDED from src/main/AndroidManifest.xml:195:13-45
	android:name
		ADDED from src/main/AndroidManifest.xml:194:13-60
activity#org.odk.collect.android.preferences.GooglePreferencesActivity
ADDED from src/main/AndroidManifest.xml:196:9-198:48
	android:label
		ADDED from src/main/AndroidManifest.xml:198:13-45
	android:name
		ADDED from src/main/AndroidManifest.xml:197:13-66
activity#org.odk.collect.android.preferences.OtherPreferencesActivity
ADDED from src/main/AndroidManifest.xml:199:9-201:48
	android:label
		ADDED from src/main/AndroidManifest.xml:201:13-45
	android:name
		ADDED from src/main/AndroidManifest.xml:200:13-65
activity#org.odk.collect.android.preferences.AggregatePreferencesActivity
ADDED from src/main/AndroidManifest.xml:202:9-204:48
	android:label
		ADDED from src/main/AndroidManifest.xml:204:13-45
	android:name
		ADDED from src/main/AndroidManifest.xml:203:13-69
activity#org.odk.collect.android.preferences.AdminPreferencesActivity
ADDED from src/main/AndroidManifest.xml:205:9-207:48
	android:label
		ADDED from src/main/AndroidManifest.xml:207:13-45
	android:name
		ADDED from src/main/AndroidManifest.xml:206:13-65
activity#org.odk.collect.android.activities.FormHierarchyActivity
ADDED from src/main/AndroidManifest.xml:208:9-210:48
	android:label
		ADDED from src/main/AndroidManifest.xml:210:13-45
	android:name
		ADDED from src/main/AndroidManifest.xml:209:13-61
activity#org.odk.collect.android.activities.GeoPointActivity
ADDED from src/main/AndroidManifest.xml:211:9-213:48
	android:label
		ADDED from src/main/AndroidManifest.xml:213:13-45
	android:name
		ADDED from src/main/AndroidManifest.xml:212:13-56
activity#org.odk.collect.android.activities.GeoPointMapActivity
ADDED from src/main/AndroidManifest.xml:214:9-217:48
	android:label
		ADDED from src/main/AndroidManifest.xml:217:13-45
	android:configChanges
		ADDED from src/main/AndroidManifest.xml:216:13-48
	android:name
		ADDED from src/main/AndroidManifest.xml:215:13-59
activity#org.odk.collect.android.activities.GeoPointOsmMapActivity
ADDED from src/main/AndroidManifest.xml:221:9-224:48
	android:label
		ADDED from src/main/AndroidManifest.xml:224:13-45
	android:configChanges
		ADDED from src/main/AndroidManifest.xml:223:13-48
	android:name
		ADDED from src/main/AndroidManifest.xml:222:13-62
activity#org.odk.collect.android.activities.GeoShapeOsmMapActivity
ADDED from src/main/AndroidManifest.xml:225:9-228:48
	android:label
		ADDED from src/main/AndroidManifest.xml:228:13-45
	android:configChanges
		ADDED from src/main/AndroidManifest.xml:227:13-48
	android:name
		ADDED from src/main/AndroidManifest.xml:226:13-62
activity#org.odk.collect.android.activities.GeoShapeGoogleMapActivity
ADDED from src/main/AndroidManifest.xml:229:9-232:48
	android:label
		ADDED from src/main/AndroidManifest.xml:232:13-45
	android:configChanges
		ADDED from src/main/AndroidManifest.xml:231:13-48
	android:name
		ADDED from src/main/AndroidManifest.xml:230:13-65
activity#org.odk.collect.android.activities.GeoTraceOsmMapActivity
ADDED from src/main/AndroidManifest.xml:233:9-236:48
	android:label
		ADDED from src/main/AndroidManifest.xml:236:13-45
	android:configChanges
		ADDED from src/main/AndroidManifest.xml:235:13-48
	android:name
		ADDED from src/main/AndroidManifest.xml:234:13-62
activity#org.odk.collect.android.activities.GeoTraceGoogleMapActivity
ADDED from src/main/AndroidManifest.xml:237:9-240:48
	android:label
		ADDED from src/main/AndroidManifest.xml:240:13-45
	android:configChanges
		ADDED from src/main/AndroidManifest.xml:239:13-48
	android:name
		ADDED from src/main/AndroidManifest.xml:238:13-65
activity#org.odk.collect.android.activities.BearingActivity
ADDED from src/main/AndroidManifest.xml:241:9-243:48
	android:label
		ADDED from src/main/AndroidManifest.xml:243:13-45
	android:name
		ADDED from src/main/AndroidManifest.xml:242:13-55
activity#org.odk.collect.android.activities.SplashScreenActivity
ADDED from src/main/AndroidManifest.xml:244:9-247:68
	android:label
		ADDED from src/main/AndroidManifest.xml:246:13-45
	android:theme
		ADDED from src/main/AndroidManifest.xml:247:13-56
	android:name
		ADDED from src/main/AndroidManifest.xml:245:13-60
activity#org.odk.collect.android.activities.AndroidShortcuts
ADDED from src/main/AndroidManifest.xml:249:9-258:20
	android:label
		ADDED from src/main/AndroidManifest.xml:251:13-37
	android:theme
		ADDED from src/main/AndroidManifest.xml:252:13-72
	android:name
		ADDED from src/main/AndroidManifest.xml:250:13-56
intent-filter#android.intent.action.CREATE_SHORTCUT+android.intent.category.DEFAULT
ADDED from src/main/AndroidManifest.xml:253:13-257:29
action#android.intent.action.CREATE_SHORTCUT
ADDED from src/main/AndroidManifest.xml:254:17-80
	android:name
		ADDED from src/main/AndroidManifest.xml:254:25-77
receiver#org.odk.collect.android.receivers.NetworkReceiver
ADDED from src/main/AndroidManifest.xml:260:9-269:20
	android:enabled
		ADDED from src/main/AndroidManifest.xml:262:13-35
	android:name
		ADDED from src/main/AndroidManifest.xml:261:13-54
intent-filter#android.net.conn.CONNECTIVITY_CHANGE
ADDED from src/main/AndroidManifest.xml:263:13-265:29
action#android.net.conn.CONNECTIVITY_CHANGE
ADDED from src/main/AndroidManifest.xml:264:17-79
	android:name
		ADDED from src/main/AndroidManifest.xml:264:25-76
intent-filter#org.odk.collect.android.FormSaved
ADDED from src/main/AndroidManifest.xml:266:13-268:29
action#org.odk.collect.android.FormSaved
ADDED from src/main/AndroidManifest.xml:267:17-76
	android:name
		ADDED from src/main/AndroidManifest.xml:267:25-73
meta-data#com.google.android.geo.API_KEY
ADDED from src/main/AndroidManifest.xml:271:9-273:71
	android:value
		ADDED from src/main/AndroidManifest.xml:273:13-68
	android:name
		ADDED from src/main/AndroidManifest.xml:272:13-58
meta-data#com.google.android.gms.version
ADDED from src/main/AndroidManifest.xml:274:9-277:45
	android:value
		ADDED from src/main/AndroidManifest.xml:276:13-66
	tools:replace
		ADDED from src/main/AndroidManifest.xml:277:13-42
	android:name
		ADDED from src/main/AndroidManifest.xml:275:13-58
uses-library#com.google.android.maps
ADDED from src/main/AndroidManifest.xml:279:9-281:40
	android:required
		ADDED from src/main/AndroidManifest.xml:281:13-37
	android:name
		ADDED from src/main/AndroidManifest.xml:280:13-51
activity#org.odk.collect.android.login.Login
ADDED from src/main/AndroidManifest.xml:283:9-288:20
	android:label
		ADDED from src/main/AndroidManifest.xml:285:13-57
	android:theme
		ADDED from src/main/AndroidManifest.xml:286:13-66
	android:name
		ADDED from src/main/AndroidManifest.xml:284:13-40
activity#org.odk.collect.android.login.AccueilSplashScreen
ADDED from src/main/AndroidManifest.xml:289:9-300:20
	android:label
		ADDED from src/main/AndroidManifest.xml:291:13-48
	android:theme
		ADDED from src/main/AndroidManifest.xml:292:13-66
	android:name
		ADDED from src/main/AndroidManifest.xml:290:13-54
intent-filter#android.intent.action.MAIN+android.intent.category.DEFAULT+android.intent.category.LAUNCHER
ADDED from src/main/AndroidManifest.xml:294:13-299:29
action#android.intent.action.MAIN
ADDED from src/main/AndroidManifest.xml:295:17-69
	android:name
		ADDED from src/main/AndroidManifest.xml:295:25-66
category#android.intent.category.LAUNCHER
ADDED from src/main/AndroidManifest.xml:298:17-77
	android:name
		ADDED from src/main/AndroidManifest.xml:298:27-74